生成启动时间为 2017/7/14 17:05:44。
     1>项目“D:\Projects\VS2010\ADTS\ADTSParse\ADTSParse\ADTSParse.vcxproj”在节点 2 上(build 个目标)。
     1>InitializeBuildStatus:
         正在创建“Debug\ADTSParse.unsuccessfulbuild”，因为已指定“AlwaysCreate”。
       ClCompile:
         所有输出均为最新。
         所有输出均为最新。
       ResourceCompile:
         C:\Program Files (x86)\Microsoft SDKs\Windows\v7.0A\bin\rc.exe /D _DEBUG /D _UNICODE /D UNICODE /D _AFXDLL /l"0x0804" /IDebug\ /nologo /fo"Debug\ADTSParse.res" ADTSParse.rc 
       Link:
         D:\Softwares\VisualStudio2010\VC\bin\link.exe /ERRORREPORT:PROMPT /OUT:"D:\Projects\VS2010\ADTS\ADTSParse\Debug\ADTSParse.exe" /INCREMENTAL /NOLOGO /MANIFEST:NO /DEBUG /PDB:"D:\Projects\VS2010\ADTS\ADTSParse\Debug\ADTSParse.pdb" /SUBSYSTEM:WINDOWS /TLBID:1 /ENTRY:"wWinMainCRTStartup" /DYNAMICBASE /NXCOMPAT /IMPLIB:"D:\Projects\VS2010\ADTS\ADTSParse\Debug\ADTSParse.lib" /MACHINE:X86 Debug\ADTSParse.res
         Debug\ADTSParse.obj
         Debug\ADTSParseDlg.obj
         Debug\ADTSParseHandler.obj
         Debug\FormatTransfer.obj
         Debug\stdafx.obj
         ADTSParse.vcxproj -> D:\Projects\VS2010\ADTS\ADTSParse\Debug\ADTSParse.exe
       FinalizeBuildStatus:
         正在删除文件“Debug\ADTSParse.unsuccessfulbuild”。
         正在对“Debug\ADTSParse.lastbuildstate”执行 Touch 任务。
     1>已完成生成项目“D:\Projects\VS2010\ADTS\ADTSParse\ADTSParse\ADTSParse.vcxproj”(build 个目标)的操作。

生成成功。

已用时间 00:00:00.37
